W 0x1160 0x00
W 0x1161 0x01
W 0x1162 0x02
W 0x1163 0x03
W 0x1164 0x04
W 0x1165 0x05
W 0x1166 0x06
W 0x1167 0x07
W 0x1168 0x08
W 0x1169 0x09
W 0x116a 0x0a
W 0x116b 0x0b
W 0x116c 0x0c
W 0x116d 0x0d
W 0x116e 0x0e
W 0x116f 0x0f
W 0x1170 0x10
W 0x1171 0x11
W 0x1172 0x12
W 0x1173 0x13
W 0x1174 0x14
W 0x1175 0x15
W 0x1176 0x16
W 0x1177 0x17
W 0x1178 0x18
W 0x1179 0x19
W 0x117a 0x1a
W 0x117b 0x1b
W 0x117c 0x1c
W 0x117d 0x1d
W 0x117e 0x1e
W 0x117f 0x1f
W 0x2160 0x20
W 0x2161 0x21
W 0x2162 0x22
W 0x2163 0x23
W 0x2164 0x24
W 0x2165 0x25
W 0x2166 0x26
W 0x2167 0x27
W 0x2168 0x28
W 0x2169 0x29
W 0x216a 0x2a
W 0x216b 0x2b
W 0x216c 0x2c
W 0x216d 0x2d
W 0x216e 0x2e
W 0x216f 0x2f
W 0x2170 0x30
W 0x2171 0x31
W 0x2172 0x32
W 0x2173 0x33
W 0x2174 0x34
W 0x2175 0x35
W 0x2176 0x36
W 0x2177 0x37
W 0x2178 0x38
W 0x2179 0x39
W 0x217a 0x3a
W 0x217b 0x3b
W 0x217c 0x3c
W 0x217d 0x3d
W 0x217e 0x3e
W 0x217f 0x3f
W 0x3160 0x40
W 0x3161 0x41
W 0x3162 0x42
W 0x3163 0x43
W 0x3164 0x44
W 0x3165 0x45
W 0x3166 0x46
W 0x3167 0x47
W 0x3168 0x48
W 0x3169 0x49
W 0x316a 0x4a
W 0x316b 0x4b
W 0x316c 0x4c
W 0x316d 0x4d
W 0x316e 0x4e
W 0x316f 0x4f
W 0x3170 0x50
W 0x3171 0x51
W 0x3172 0x52
W 0x3173 0x53
W 0x3174 0x54
W 0x3175 0x55
W 0x3176 0x56
W 0x3177 0x57
W 0x3178 0x58
W 0x3179 0x59
W 0x317a 0x5a
W 0x317b 0x5b
W 0x317c 0x5c
W 0x317d 0x5d
W 0x317e 0x5e
W 0x317f 0x5f
W 0x4160 0x60
W 0x4161 0x61
W 0x4162 0x62
W 0x4163 0x63
W 0x4164 0x64
W 0x4165 0x65
W 0x4166 0x66
W 0x4167 0x67
W 0x4168 0x68
W 0x4169 0x69
W 0x416a 0x6a
W 0x416b 0x6b
W 0x416c 0x6c
W 0x416d 0x6d
W 0x416e 0x6e
W 0x416f 0x6f
W 0x4170 0x70
W 0x4171 0x71
W 0x4172 0x72
W 0x4173 0x73
W 0x4174 0x74
W 0x4175 0x75
W 0x4176 0x76
W 0x4177 0x77
W 0x4178 0x78
W 0x4179 0x79
W 0x417a 0x7a
W 0x417b 0x7b
W 0x417c 0x7c
W 0x417d 0x7d
W 0x417e 0x7e
W 0x417f 0x7f
W 0x5180 0x80
W 0x5181 0x81
W 0x5182 0x82
W 0x5183 0x83
W 0x5184 0x84
W 0x5185 0x85
W 0x5186 0x86
W 0x5187 0x87
W 0x5188 0x88
W 0x5189 0x89
W 0x518a 0x8a
W 0x518b 0x8b
W 0x518c 0x8c
W 0x518d 0x8d
W 0x518e 0x8e
W 0x518f 0x8f
W 0x5190 0x90
W 0x5191 0x91
W 0x5192 0x92
W 0x5193 0x93
W 0x5194 0x94
W 0x5195 0x95
W 0x5196 0x96
W 0x5197 0x97
W 0x5198 0x98
W 0x5199 0x99
W 0x519a 0x9a
W 0x519b 0x9b
W 0x519c 0x9c
W 0x519d 0x9d
W 0x519e 0x9e
W 0x519f 0x9f
W 0x6280 0xa0
W 0x6281 0xa1
W 0x6282 0xa2
W 0x6283 0xa3
W 0x6284 0xa4
W 0x6285 0xa5
W 0x6286 0xa6
W 0x6287 0xa7
W 0x6288 0xa8
W 0x6289 0xa9
W 0x628a 0xaa
W 0x628b 0xab
W 0x628c 0xac
W 0x628d 0xad
W 0x628e 0xae
W 0x628f 0xaf
W 0x6290 0xb0
W 0x6291 0xb1
W 0x6292 0xb2
W 0x6293 0xb3
W 0x6294 0xb4
W 0x6295 0xb5
W 0x6296 0xb6
W 0x6297 0xb7
W 0x6298 0xb8
W 0x6299 0xb9
W 0x629a 0xba
W 0x629b 0xbb
W 0x629c 0xbc
W 0x629d 0xbd
W 0x629e 0xbe
W 0x629f 0xbf
W 0x71c0 0xc0
W 0x71c1 0xc1
W 0x71c2 0xc2
W 0x71c3 0xc3
W 0x71c4 0xc4
W 0x71c5 0xc5
W 0x71c6 0xc6
W 0x71c7 0xc7
W 0x71c8 0xc8
W 0x71c9 0xc9
W 0x71ca 0xca
W 0x71cb 0xcb
W 0x71cc 0xcc
W 0x71cd 0xcd
W 0x71ce 0xce
W 0x71cf 0xcf
W 0x71d0 0xd0
W 0x71d1 0xd1
W 0x71d2 0xd2
W 0x71d3 0xd3
W 0x71d4 0xd4
W 0x71d5 0xd5
W 0x71d6 0xd6
W 0x71d7 0xd7
W 0x71d8 0xd8
W 0x71d9 0xd9
W 0x71da 0xda
W 0x71db 0xdb
W 0x71dc 0xdc
W 0x71dd 0xdd
W 0x71de 0xde
W 0x71df 0xdf
W 0x82c0 0xe0
W 0x82c1 0xe1
W 0x82c2 0xe2
W 0x82c3 0xe3
W 0x82c4 0xe4
W 0x82c5 0xe5
W 0x82c6 0xe6
W 0x82c7 0xe7
W 0x82c8 0xe8
W 0x82c9 0xe9
W 0x82ca 0xea
W 0x82cb 0xeb
W 0x82cc 0xec
W 0x82cd 0xed
W 0x82ce 0xee
W 0x82cf 0xef
W 0x82d0 0xf0
W 0x82d1 0xf1
W 0x82d2 0xf2
W 0x82d3 0xf3
W 0x82d4 0xf4
W 0x82d5 0xf5
W 0x82d6 0xf6
W 0x82d7 0xf7
W 0x82d8 0xf8
W 0x82d9 0xf9
W 0x82da 0xfa
W 0x82db 0xfb
W 0x82dc 0xfc
W 0x82dd 0xfd
W 0x82de 0xfe
W 0x82df 0xff
R 0x1160 0x00
R 0x1161 0x01
R 0x1162 0x02
R 0x1170 0x10
R 0x1171 0x11
R 0x1172 0x12
R 0x2160 0x20
R 0x2161 0x21
R 0x2162 0x22
W 0x1171 0x33
R 0x1161 0x01
R 0x1162 0x02
R 0x1163 0x03
R 0x1171 0x33
R 0x1172 0x12
R 0x1173 0x13
R 0x2161 0x21
R 0x2162 0x22
R 0x2163 0x23
W 0x1172 0x12
R 0x1162 0x02
R 0x1163 0x03
R 0x1164 0x04
R 0x1172 0x12
R 0x1173 0x13
R 0x1174 0x14
R 0x2162 0x22
R 0x2163 0x23
R 0x2164 0x24
W 0x1173 0x35
R 0x1163 0x03
R 0x1164 0x04
R 0x1165 0x05
R 0x1173 0x35
R 0x1174 0x14
R 0x1175 0x15
R 0x2163 0x23
R 0x2164 0x24
R 0x2165 0x25
W 0x1174 0x14
R 0x1164 0x04
R 0x1165 0x05
R 0x1166 0x06
R 0x1174 0x14
R 0x1175 0x15
R 0x1176 0x16
R 0x2164 0x24
R 0x2165 0x25
R 0x2166 0x26
W 0x1175 0x37
R 0x1165 0x05
R 0x1166 0x06
R 0x1167 0x07
R 0x1175 0x37
R 0x1176 0x16
R 0x1177 0x17
R 0x2165 0x25
R 0x2166 0x26
R 0x2167 0x27
W 0x1176 0x16
R 0x1166 0x06
R 0x1167 0x07
R 0x1168 0x08
R 0x1176 0x16
R 0x1177 0x17
R 0x1178 0x18
R 0x2166 0x26
R 0x2167 0x27
R 0x2168 0x28
W 0x1177 0x39
R 0x1167 0x07
R 0x1168 0x08
R 0x1169 0x09
R 0x1177 0x39
R 0x1178 0x18
R 0x1179 0x19
R 0x2167 0x27
R 0x2168 0x28
R 0x2169 0x29
W 0x1178 0x18
R 0x1168 0x08
R 0x1169 0x09
R 0x116a 0x0a
R 0x1178 0x18
R 0x1179 0x19
R 0x117a 0x1a
R 0x2168 0x28
R 0x2169 0x29
R 0x216a 0x2a
W 0x1179 0x3b
R 0x1169 0x09
R 0x116a 0x0a
R 0x116b 0x0b
R 0x1179 0x3b
R 0x117a 0x1a
R 0x117b 0x1b
R 0x2169 0x29
R 0x216a 0x2a
R 0x216b 0x2b
W 0x117a 0x1a
R 0x116a 0x0a
R 0x116b 0x0b
R 0x116c 0x0c
R 0x117a 0x1a
R 0x117b 0x1b
R 0x117c 0x1c
R 0x216a 0x2a
R 0x216b 0x2b
R 0x216c 0x2c
W 0x117b 0x3d
R 0x116b 0x0b
R 0x116c 0x0c
R 0x116d 0x0d
R 0x117b 0x3d
R 0x117c 0x1c
R 0x117d 0x1d
R 0x216b 0x2b
R 0x216c 0x2c
R 0x216d 0x2d
W 0x117c 0x1c
R 0x116c 0x0c
R 0x116d 0x0d
R 0x116e 0x0e
R 0x117c 0x1c
R 0x117d 0x1d
R 0x117e 0x1e
R 0x216c 0x2c
R 0x216d 0x2d
R 0x216e 0x2e
W 0x117d 0x3f
R 0x116d 0x0d
R 0x116e 0x0e
R 0x116f 0x0f
R 0x117d 0x3f
R 0x117e 0x1e
R 0x117f 0x1f
R 0x216d 0x2d
R 0x216e 0x2e
R 0x216f 0x2f
W 0x117e 0x1e
R 0x1170 0x10
R 0x1171 0x33
R 0x1172 0x12
R 0x2160 0x20
R 0x2161 0x21
R 0x2162 0x22
R 0x2170 0x30
R 0x2171 0x31
R 0x2172 0x32
W 0x2161 0x21
R 0x1171 0x33
R 0x1172 0x12
R 0x1173 0x35
R 0x2161 0x21
R 0x2162 0x22
R 0x2163 0x23
R 0x2171 0x31
R 0x2172 0x32
R 0x2173 0x33
W 0x2162 0x04
R 0x1172 0x12
R 0x1173 0x35
R 0x1174 0x14
R 0x2162 0x04
R 0x2163 0x23
R 0x2164 0x24
R 0x2172 0x32
R 0x2173 0x33
R 0x2174 0x34
W 0x2163 0x05
R 0x1173 0x35
R 0x1174 0x14
R 0x1175 0x37
R 0x2163 0x05
R 0x2164 0x24
R 0x2165 0x25
R 0x2173 0x33
R 0x2174 0x34
R 0x2175 0x35
W 0x2164 0x20
R 0x1174 0x14
R 0x1175 0x37
R 0x1176 0x16
R 0x2164 0x20
R 0x2165 0x25
R 0x2166 0x26
R 0x2174 0x34
R 0x2175 0x35
R 0x2176 0x36
W 0x2165 0x21
R 0x1175 0x37
R 0x1176 0x16
R 0x1177 0x39
R 0x2165 0x21
R 0x2166 0x26
R 0x2167 0x27
R 0x2175 0x35
R 0x2176 0x36
R 0x2177 0x37
W 0x2166 0x0c
R 0x1176 0x16
R 0x1177 0x39
R 0x1178 0x18
R 0x2166 0x0c
R 0x2167 0x27
R 0x2168 0x28
R 0x2176 0x36
R 0x2177 0x37
R 0x2178 0x38
W 0x2167 0x0d
R 0x1177 0x39
R 0x1178 0x18
R 0x1179 0x3b
R 0x2167 0x0d
R 0x2168 0x28
R 0x2169 0x29
R 0x2177 0x37
R 0x2178 0x38
R 0x2179 0x39
W 0x2168 0x20
R 0x1178 0x18
R 0x1179 0x3b
R 0x117a 0x1a
R 0x2168 0x20
R 0x2169 0x29
R 0x216a 0x2a
R 0x2178 0x38
R 0x2179 0x39
R 0x217a 0x3a
W 0x2169 0x21
R 0x1179 0x3b
R 0x117a 0x1a
R 0x117b 0x3d
R 0x2169 0x21
R 0x216a 0x2a
R 0x216b 0x2b
R 0x2179 0x39
R 0x217a 0x3a
R 0x217b 0x3b
W 0x216a 0x04
R 0x117a 0x1a
R 0x117b 0x3d
R 0x117c 0x1c
R 0x216a 0x04
R 0x216b 0x2b
R 0x216c 0x2c
R 0x217a 0x3a
R 0x217b 0x3b
R 0x217c 0x3c
W 0x216b 0x05
R 0x117b 0x3d
R 0x117c 0x1c
R 0x117d 0x3f
R 0x216b 0x05
R 0x216c 0x2c
R 0x216d 0x2d
R 0x217b 0x3b
R 0x217c 0x3c
R 0x217d 0x3d
W 0x216c 0x20
R 0x117c 0x1c
R 0x117d 0x3f
R 0x117e 0x1e
R 0x216c 0x20
R 0x216d 0x2d
R 0x216e 0x2e
R 0x217c 0x3c
R 0x217d 0x3d
R 0x217e 0x3e
W 0x216d 0x21
R 0x117d 0x3f
R 0x117e 0x1e
R 0x117f 0x1f
R 0x216d 0x21
R 0x216e 0x2e
R 0x216f 0x2f
R 0x217d 0x3d
R 0x217e 0x3e
R 0x217f 0x3f
W 0x216e 0x22
R 0x2160 0x20
R 0x2161 0x21
R 0x2162 0x04
R 0x2170 0x30
R 0x2171 0x31
R 0x2172 0x32
R 0x3160 0x40
R 0x3161 0x41
R 0x3162 0x42
W 0x2171 0x75
R 0x2161 0x21
R 0x2162 0x04
R 0x2163 0x05
R 0x2171 0x75
R 0x2172 0x32
R 0x2173 0x33
R 0x3161 0x41
R 0x3162 0x42
R 0x3163 0x43
W 0x2172 0x14
R 0x2162 0x04
R 0x2163 0x05
R 0x2164 0x20
R 0x2172 0x14
R 0x2173 0x33
R 0x2174 0x34
R 0x3162 0x42
R 0x3163 0x43
R 0x3164 0x44
W 0x2173 0x77
R 0x2163 0x05
R 0x2164 0x20
R 0x2165 0x21
R 0x2173 0x77
R 0x2174 0x34
R 0x2175 0x35
R 0x3163 0x43
R 0x3164 0x44
R 0x3165 0x45
W 0x2174 0x30
R 0x2164 0x20
R 0x2165 0x21
R 0x2166 0x0c
R 0x2174 0x30
R 0x2175 0x35
R 0x2176 0x36
R 0x3164 0x44
R 0x3165 0x45
R 0x3166 0x46
W 0x2175 0x79
R 0x2165 0x21
R 0x2166 0x0c
R 0x2167 0x0d
R 0x2175 0x79
R 0x2176 0x36
R 0x2177 0x37
R 0x3165 0x45
R 0x3166 0x46
R 0x3167 0x47
W 0x2176 0x1c
R 0x2166 0x0c
R 0x2167 0x0d
R 0x2168 0x20
R 0x2176 0x1c
R 0x2177 0x37
R 0x2178 0x38
R 0x3166 0x46
R 0x3167 0x47
R 0x3168 0x48
W 0x2177 0x7b
R 0x2167 0x0d
R 0x2168 0x20
R 0x2169 0x21
R 0x2177 0x7b
R 0x2178 0x38
R 0x2179 0x39
R 0x3167 0x47
R 0x3168 0x48
R 0x3169 0x49
W 0x2178 0x30
R 0x2168 0x20
R 0x2169 0x21
R 0x216a 0x04
R 0x2178 0x30
R 0x2179 0x39
R 0x217a 0x3a
R 0x3168 0x48
R 0x3169 0x49
R 0x316a 0x4a
W 0x2179 0x7d
R 0x2169 0x21
R 0x216a 0x04
R 0x216b 0x05
R 0x2179 0x7d
R 0x217a 0x3a
R 0x217b 0x3b
R 0x3169 0x49
R 0x316a 0x4a
R 0x316b 0x4b
W 0x217a 0x14
R 0x216a 0x04
R 0x216b 0x05
R 0x216c 0x20
R 0x217a 0x14
R 0x217b 0x3b
R 0x217c 0x3c
R 0x316a 0x4a
R 0x316b 0x4b
R 0x316c 0x4c
W 0x217b 0x7f
R 0x216b 0x05
R 0x216c 0x20
R 0x216d 0x21
R 0x217b 0x7f
R 0x217c 0x3c
R 0x217d 0x3d
R 0x316b 0x4b
R 0x316c 0x4c
R 0x316d 0x4d
W 0x217c 0x30
R 0x216c 0x20
R 0x216d 0x21
R 0x216e 0x22
R 0x217c 0x30
R 0x217d 0x3d
R 0x217e 0x3e
R 0x316c 0x4c
R 0x316d 0x4d
R 0x316e 0x4e
W 0x217d 0x5f
R 0x216d 0x21
R 0x216e 0x22
R 0x216f 0x2f
R 0x217d 0x5f
R 0x217e 0x3e
R 0x217f 0x3f
R 0x316d 0x4d
R 0x316e 0x4e
R 0x316f 0x4f
W 0x217e 0x3e
R 0x2170 0x30
R 0x2171 0x75
R 0x2172 0x14
R 0x3160 0x40
R 0x3161 0x41
R 0x3162 0x42
R 0x3170 0x50
R 0x3171 0x51
R 0x3172 0x52
W 0x3161 0x41
R 0x2171 0x75
R 0x2172 0x14
R 0x2173 0x77
R 0x3161 0x41
R 0x3162 0x42
R 0x3163 0x43
R 0x3171 0x51
R 0x3172 0x52
R 0x3173 0x53
W 0x3162 0x06
R 0x2172 0x14
R 0x2173 0x77
R 0x2174 0x30
R 0x3162 0x06
R 0x3163 0x43
R 0x3164 0x44
R 0x3172 0x52
R 0x3173 0x53
R 0x3174 0x54
W 0x3163 0x07
R 0x2173 0x77
R 0x2174 0x30
R 0x2175 0x79
R 0x3163 0x07
R 0x3164 0x44
R 0x3165 0x45
R 0x3173 0x53
R 0x3174 0x54
R 0x3175 0x55
W 0x3164 0x6a
R 0x2174 0x30
R 0x2175 0x79
R 0x2176 0x1c
R 0x3164 0x6a
R 0x3165 0x45
R 0x3166 0x46
R 0x3174 0x54
R 0x3175 0x55
R 0x3176 0x56
W 0x3165 0x6b
R 0x2175 0x79
R 0x2176 0x1c
R 0x2177 0x7b
R 0x3165 0x6b
R 0x3166 0x46
R 0x3167 0x47
R 0x3175 0x55
R 0x3176 0x56
R 0x3177 0x57
W 0x3166 0x20
R 0x2176 0x1c
R 0x2177 0x7b
R 0x2178 0x30
R 0x3166 0x20
R 0x3167 0x47
R 0x3168 0x48
R 0x3176 0x56
R 0x3177 0x57
R 0x3178 0x58
W 0x3167 0x21
R 0x2177 0x7b
R 0x2178 0x30
R 0x2179 0x7d
R 0x3167 0x21
R 0x3168 0x48
R 0x3169 0x49
R 0x3177 0x57
R 0x3178 0x58
R 0x3179 0x59
W 0x3168 0x40
R 0x2178 0x30
R 0x2179 0x7d
R 0x217a 0x14
R 0x3168 0x40
R 0x3169 0x49
R 0x316a 0x4a
R 0x3178 0x58
R 0x3179 0x59
R 0x317a 0x5a
W 0x3169 0x41
R 0x2179 0x7d
R 0x217a 0x14
R 0x217b 0x7f
R 0x3169 0x41
R 0x316a 0x4a
R 0x316b 0x4b
R 0x3179 0x59
R 0x317a 0x5a
R 0x317b 0x5b
W 0x316a 0x0e
R 0x217a 0x14
R 0x217b 0x7f
R 0x217c 0x30
R 0x316a 0x0e
R 0x316b 0x4b
R 0x316c 0x4c
R 0x317a 0x5a
R 0x317b 0x5b
R 0x317c 0x5c
W 0x316b 0x0f
R 0x217b 0x7f
R 0x217c 0x30
R 0x217d 0x5f
R 0x316b 0x0f
R 0x316c 0x4c
R 0x316d 0x4d
R 0x317b 0x5b
R 0x317c 0x5c
R 0x317d 0x5d
W 0x316c 0x44
R 0x217c 0x30
R 0x217d 0x5f
R 0x217e 0x3e
R 0x316c 0x44
R 0x316d 0x4d
R 0x316e 0x4e
R 0x317c 0x5c
R 0x317d 0x5d
R 0x317e 0x5e
W 0x316d 0x49
R 0x217d 0x5f
R 0x217e 0x3e
R 0x217f 0x3f
R 0x316d 0x49
R 0x316e 0x4e
R 0x316f 0x4f
R 0x317d 0x5d
R 0x317e 0x5e
R 0x317f 0x5f
W 0x316e 0x4a
R 0x3160 0x40
R 0x3161 0x41
R 0x3162 0x06
R 0x3170 0x50
R 0x3171 0x51
R 0x3172 0x52
R 0x4160 0x60
R 0x4161 0x61
R 0x4162 0x62
W 0x3171 0x37
R 0x3161 0x41
R 0x3162 0x06
R 0x3163 0x07
R 0x3171 0x37
R 0x3172 0x52
R 0x3173 0x53
R 0x4161 0x61
R 0x4162 0x62
R 0x4163 0x63
W 0x3172 0x16
R 0x3162 0x06
R 0x3163 0x07
R 0x3164 0x6a
R 0x3172 0x16
R 0x3173 0x53
R 0x3174 0x54
R 0x4162 0x62
R 0x4163 0x63
R 0x4164 0x64
W 0x3173 0x1f
R 0x3163 0x07
R 0x3164 0x6a
R 0x3165 0x6b
R 0x3173 0x1f
R 0x3174 0x54
R 0x3175 0x55
R 0x4163 0x63
R 0x4164 0x64
R 0x4165 0x65
W 0x3174 0x7a
R 0x3164 0x6a
R 0x3165 0x6b
R 0x3166 0x20
R 0x3174 0x7a
R 0x3175 0x55
R 0x3176 0x56
R 0x4164 0x64
R 0x4165 0x65
R 0x4166 0x66
W 0x3175 0x3f
R 0x3165 0x6b
R 0x3166 0x20
R 0x3167 0x21
R 0x3175 0x3f
R 0x3176 0x56
R 0x3177 0x57
R 0x4165 0x65
R 0x4166 0x66
R 0x4167 0x67
W 0x3176 0x30
R 0x3166 0x20
R 0x3167 0x21
R 0x3168 0x40
R 0x3176 0x30
R 0x3177 0x57
R 0x3178 0x58
R 0x4166 0x66
R 0x4167 0x67
R 0x4168 0x68
W 0x3177 0x17
R 0x3167 0x21
R 0x3168 0x40
R 0x3169 0x41
R 0x3177 0x17
R 0x3178 0x58
R 0x3179 0x59
R 0x4167 0x67
R 0x4168 0x68
R 0x4169 0x69
W 0x3178 0x50
R 0x3168 0x40
R 0x3169 0x41
R 0x316a 0x0e
R 0x3178 0x50
R 0x3179 0x59
R 0x317a 0x5a
R 0x4168 0x68
R 0x4169 0x69
R 0x416a 0x6a
W 0x3179 0x37
R 0x3169 0x41
R 0x316a 0x0e
R 0x316b 0x0f
R 0x3179 0x37
R 0x317a 0x5a
R 0x317b 0x5b
R 0x4169 0x69
R 0x416a 0x6a
R 0x416b 0x6b
W 0x317a 0x1e
R 0x316a 0x0e
R 0x316b 0x0f
R 0x316c 0x44
R 0x317a 0x1e
R 0x317b 0x5b
R 0x317c 0x5c
R 0x416a 0x6a
R 0x416b 0x6b
R 0x416c 0x6c
W 0x317b 0x31
R 0x316b 0x0f
R 0x316c 0x44
R 0x316d 0x49
R 0x317b 0x31
R 0x317c 0x5c
R 0x317d 0x5d
R 0x416b 0x6b
R 0x416c 0x6c
R 0x416d 0x6d
W 0x317c 0x58
R 0x316c 0x44
R 0x316d 0x49
R 0x316e 0x4a
R 0x317c 0x58
R 0x317d 0x5d
R 0x317e 0x5e
R 0x416c 0x6c
R 0x416d 0x6d
R 0x416e 0x6e
W 0x317d 0x73
R 0x316d 0x49
R 0x316e 0x4a
R 0x316f 0x4f
R 0x317d 0x73
R 0x317e 0x5e
R 0x317f 0x5f
R 0x416d 0x6d
R 0x416e 0x6e
R 0x416f 0x6f
W 0x317e 0x52
R 0x3170 0x50
R 0x3171 0x37
R 0x3172 0x16
R 0x4160 0x60
R 0x4161 0x61
R 0x4162 0x62
R 0x4170 0x70
R 0x4171 0x71
R 0x4172 0x72
W 0x4161 0x61
R 0x3171 0x37
R 0x3172 0x16
R 0x3173 0x1f
R 0x4161 0x61
R 0x4162 0x62
R 0x4163 0x63
R 0x4171 0x71
R 0x4172 0x72
R 0x4173 0x73
W 0x4162 0x2e
R 0x3172 0x16
R 0x3173 0x1f
R 0x3174 0x7a
R 0x4162 0x2e
R 0x4163 0x63
R 0x4164 0x64
R 0x4172 0x72
R 0x4173 0x73
R 0x4174 0x74
W 0x4163 0x2f
R 0x3173 0x1f
R 0x3174 0x7a
R 0x3175 0x3f
R 0x4163 0x2f
R 0x4164 0x64
R 0x4165 0x65
R 0x4173 0x73
R 0x4174 0x74
R 0x4175 0x75
W 0x4164 0x06
R 0x3174 0x7a
R 0x3175 0x3f
R 0x3176 0x30
R 0x4164 0x06
R 0x4165 0x65
R 0x4166 0x66
R 0x4174 0x74
R 0x4175 0x75
R 0x4176 0x76
W 0x4165 0x07
R 0x3175 0x3f
R 0x3176 0x30
R 0x3177 0x17
R 0x4165 0x07
R 0x4166 0x66
R 0x4167 0x67
R 0x4175 0x75
R 0x4176 0x76
R 0x4177 0x77
W 0x4166 0x6a
R 0x3176 0x30
R 0x3177 0x17
R 0x3178 0x50
R 0x4166 0x6a
R 0x4167 0x67
R 0x4168 0x68
R 0x4176 0x76
R 0x4177 0x77
R 0x4178 0x78
W 0x4167 0x6b
R 0x3177 0x17
R 0x3178 0x50
R 0x3179 0x37
R 0x4167 0x6b
R 0x4168 0x68
R 0x4169 0x69
R 0x4177 0x77
R 0x4178 0x78
R 0x4179 0x79
W 0x4168 0x6c
R 0x3178 0x50
R 0x3179 0x37
R 0x317a 0x1e
R 0x4168 0x6c
R 0x4169 0x69
R 0x416a 0x6a
R 0x4178 0x78
R 0x4179 0x79
R 0x417a 0x7a
W 0x4169 0x6d
R 0x3179 0x37
R 0x317a 0x1e
R 0x317b 0x31
R 0x4169 0x6d
R 0x416a 0x6a
R 0x416b 0x6b
R 0x4179 0x79
R 0x417a 0x7a
R 0x417b 0x7b
W 0x416a 0x0c
R 0x317a 0x1e
R 0x317b 0x31
R 0x317c 0x58
R 0x416a 0x0c
R 0x416b 0x6b
R 0x416c 0x6c
R 0x417a 0x7a
R 0x417b 0x7b
R 0x417c 0x7c
W 0x416b 0x01
R 0x317b 0x31
R 0x317c 0x58
R 0x317d 0x73
R 0x416b 0x01
R 0x416c 0x6c
R 0x416d 0x6d
R 0x417b 0x7b
R 0x417c 0x7c
R 0x417d 0x7d
W 0x416c 0x60
R 0x317c 0x58
R 0x317d 0x73
R 0x317e 0x52
R 0x416c 0x60
R 0x416d 0x6d
R 0x416e 0x6e
R 0x417c 0x7c
R 0x417d 0x7d
R 0x417e 0x7e
W 0x416d 0x65
R 0x317d 0x73
R 0x317e 0x52
R 0x317f 0x5f
R 0x416d 0x65
R 0x416e 0x6e
R 0x416f 0x6f
R 0x417d 0x7d
R 0x417e 0x7e
R 0x417f 0x7f
W 0x416e 0x66
R 0x4160 0x60
R 0x4161 0x61
R 0x4162 0x2e
R 0x4170 0x70
R 0x4171 0x71
R 0x4172 0x72
R 0x5180 0x80
R 0x5181 0x81
R 0x5182 0x82
W 0x4171 0xdf
R 0x4161 0x61
R 0x4162 0x2e
R 0x4163 0x2f
R 0x4171 0xdf
R 0x4172 0x72
R 0x4173 0x73
R 0x5181 0x81
R 0x5182 0x82
R 0x5183 0x83
W 0x4172 0x3e
R 0x4162 0x2e
R 0x4163 0x2f
R 0x4164 0x06
R 0x4172 0x3e
R 0x4173 0x73
R 0x4174 0x74
R 0x5182 0x82
R 0x5183 0x83
R 0x5184 0x84
W 0x4173 0xbb
R 0x4163 0x2f
R 0x4164 0x06
R 0x4165 0x07
R 0x4173 0xbb
R 0x4174 0x74
R 0x4175 0x75
R 0x5183 0x83
R 0x5184 0x84
R 0x5185 0x85
W 0x4174 0x16
R 0x4164 0x06
R 0x4165 0x07
R 0x4166 0x6a
R 0x4174 0x16
R 0x4175 0x75
R 0x4176 0x76
R 0x5184 0x84
R 0x5185 0x85
R 0x5186 0x86
W 0x4175 0xf9
R 0x4165 0x07
R 0x4166 0x6a
R 0x4167 0x6b
R 0x4175 0xf9
R 0x4176 0x76
R 0x4177 0x77
R 0x5185 0x85
R 0x5186 0x86
R 0x5187 0x87
W 0x4176 0x7a
R 0x4166 0x6a
R 0x4167 0x6b
R 0x4168 0x6c
R 0x4176 0x7a
R 0x4177 0x77
R 0x4178 0x78
R 0x5186 0x86
R 0x5187 0x87
R 0x5188 0x88
W 0x4177 0x91
R 0x4167 0x6b
R 0x4168 0x6c
R 0x4169 0x6d
R 0x4177 0x91
R 0x4178 0x78
R 0x4179 0x79
R 0x5187 0x87
R 0x5188 0x88
R 0x5189 0x89
W 0x4178 0x7c
R 0x4168 0x6c
R 0x4169 0x6d
R 0x416a 0x0c
R 0x4178 0x7c
R 0x4179 0x79
R 0x417a 0x7a
R 0x5188 0x88
R 0x5189 0x89
R 0x518a 0x8a
W 0x4179 0xf9
R 0x4169 0x6d
R 0x416a 0x0c
R 0x416b 0x01
R 0x4179 0xf9
R 0x417a 0x7a
R 0x417b 0x7b
R 0x5189 0x89
R 0x518a 0x8a
R 0x518b 0x8b
W 0x417a 0x10
R 0x416a 0x0c
R 0x416b 0x01
R 0x416c 0x60
R 0x417a 0x10
R 0x417b 0x7b
R 0x417c 0x7c
R 0x518a 0x8a
R 0x518b 0x8b
R 0x518c 0x8c
W 0x417b 0xf7
R 0x416b 0x01
R 0x416c 0x60
R 0x416d 0x65
R 0x417b 0xf7
R 0x417c 0x7c
R 0x417d 0x7d
R 0x518b 0x8b
R 0x518c 0x8c
R 0x518d 0x8d
W 0x417c 0x78
R 0x416c 0x60
R 0x416d 0x65
R 0x416e 0x66
R 0x417c 0x78
R 0x417d 0x7d
R 0x417e 0x7e
R 0x518c 0x8c
R 0x518d 0x8d
R 0x518e 0x8e
W 0x417d 0x97
R 0x416d 0x65
R 0x416e 0x66
R 0x416f 0x6f
R 0x417d 0x97
R 0x417e 0x7e
R 0x417f 0x7f
R 0x518d 0x8d
R 0x518e 0x8e
R 0x518f 0x8f
W 0x417e 0x76
R 0x4170 0x70
R 0x4171 0xdf
R 0x4172 0x3e
R 0x5180 0x80
R 0x5181 0x81
R 0x5182 0x82
R 0x5190 0x90
R 0x5191 0x91
R 0x5192 0x92
W 0x5181 0x81
R 0x4171 0xdf
R 0x4172 0x3e
R 0x4173 0xbb
R 0x5181 0x81
R 0x5182 0x82
R 0x5183 0x83
R 0x5191 0x91
R 0x5192 0x92
R 0x5193 0x93
W 0x5182 0x4a
R 0x4172 0x3e
R 0x4173 0xbb
R 0x4174 0x16
R 0x5182 0x4a
R 0x5183 0x83
R 0x5184 0x84
R 0x5192 0x92
R 0x5193 0x93
R 0x5194 0x94
W 0x5183 0x4b
R 0x4173 0xbb
R 0x4174 0x16
R 0x4175 0xf9
R 0x5183 0x4b
R 0x5184 0x84
R 0x5185 0x85
R 0x5193 0x93
R 0x5194 0x94
R 0x5195 0x95
W 0x5184 0x8c
R 0x4174 0x16
R 0x4175 0xf9
R 0x4176 0x7a
R 0x5184 0x8c
R 0x5185 0x85
R 0x5186 0x86
R 0x5194 0x94
R 0x5195 0x95
R 0x5196 0x96
W 0x5185 0x8d
R 0x4175 0xf9
R 0x4176 0x7a
R 0x4177 0x91
R 0x5185 0x8d
R 0x5186 0x86
R 0x5187 0x87
R 0x5195 0x95
R 0x5196 0x96
R 0x5197 0x97
W 0x5186 0x0a
R 0x4176 0x7a
R 0x4177 0x91
R 0x4178 0x7c
R 0x5186 0x0a
R 0x5187 0x87
R 0x5188 0x88
R 0x5196 0x96
R 0x5197 0x97
R 0x5198 0x98
W 0x5187 0x0b
R 0x4177 0x91
R 0x4178 0x7c
R 0x4179 0xf9
R 0x5187 0x0b
R 0x5188 0x88
R 0x5189 0x89
R 0x5197 0x97
R 0x5198 0x98
R 0x5199 0x99
W 0x5188 0x88
R 0x4178 0x7c
R 0x4179 0xf9
R 0x417a 0x10
R 0x5188 0x88
R 0x5189 0x89
R 0x518a 0x8a
R 0x5198 0x98
R 0x5199 0x99
R 0x519a 0x9a
W 0x5189 0x85
R 0x4179 0xf9
R 0x417a 0x10
R 0x417b 0xf7
R 0x5189 0x85
R 0x518a 0x8a
R 0x518b 0x8b
R 0x5199 0x99
R 0x519a 0x9a
R 0x519b 0x9b
W 0x518a 0x02
R 0x417a 0x10
R 0x417b 0xf7
R 0x417c 0x78
R 0x518a 0x02
R 0x518b 0x8b
R 0x518c 0x8c
R 0x519a 0x9a
R 0x519b 0x9b
R 0x519c 0x9c
W 0x518b 0x07
R 0x417b 0xf7
R 0x417c 0x78
R 0x417d 0x97
R 0x518b 0x07
R 0x518c 0x8c
R 0x518d 0x8d
R 0x519b 0x9b
R 0x519c 0x9c
R 0x519d 0x9d
W 0x518c 0x84
R 0x417c 0x78
R 0x417d 0x97
R 0x417e 0x76
R 0x518c 0x84
R 0x518d 0x8d
R 0x518e 0x8e
R 0x519c 0x9c
R 0x519d 0x9d
R 0x519e 0x9e
W 0x518d 0x81
R 0x417d 0x97
R 0x417e 0x76
R 0x417f 0x7f
R 0x518d 0x81
R 0x518e 0x8e
R 0x518f 0x8f
R 0x519d 0x9d
R 0x519e 0x9e
R 0x519f 0x9f
W 0x518e 0x82
R 0x5180 0x80
R 0x5181 0x81
R 0x5182 0x4a
R 0x5190 0x90
R 0x5191 0x91
R 0x5192 0x92
R 0x6280 0xa0
R 0x6281 0xa1
R 0x6282 0xa2
W 0x5191 0x7b
R 0x5181 0x81
R 0x5182 0x4a
R 0x5183 0x4b
R 0x5191 0x7b
R 0x5192 0x92
R 0x5193 0x93
R 0x6281 0xa1
R 0x6282 0xa2
R 0x6283 0xa3
W 0x5192 0x5a
R 0x5182 0x4a
R 0x5183 0x4b
R 0x5184 0x8c
R 0x5192 0x5a
R 0x5193 0x93
R 0x5194 0x94
R 0x6282 0xa2
R 0x6283 0xa3
R 0x6284 0xa4
W 0x5193 0x75
R 0x5183 0x4b
R 0x5184 0x8c
R 0x5185 0x8d
R 0x5193 0x75
R 0x5194 0x94
R 0x5195 0x95
R 0x6283 0xa3
R 0x6284 0xa4
R 0x6285 0xa5
W 0x5194 0x9c
R 0x5184 0x8c
R 0x5185 0x8d
R 0x5186 0x0a
R 0x5194 0x9c
R 0x5195 0x95
R 0x5196 0x96
R 0x6284 0xa4
R 0x6285 0xa5
R 0x6286 0xa6
W 0x5195 0x33
R 0x5185 0x8d
R 0x5186 0x0a
R 0x5187 0x0b
R 0x5195 0x33
R 0x5196 0x96
R 0x5197 0x97
R 0x6285 0xa5
R 0x6286 0xa6
R 0x6287 0xa7
W 0x5196 0x1a
R 0x5186 0x0a
R 0x5187 0x0b
R 0x5188 0x88
R 0x5196 0x1a
R 0x5197 0x97
R 0x5198 0x98
R 0x6286 0xa6
R 0x6287 0xa7
R 0x6288 0xa8
W 0x5197 0x35
R 0x5187 0x0b
R 0x5188 0x88
R 0x5189 0x85
R 0x5197 0x35
R 0x5198 0x98
R 0x5199 0x99
R 0x6287 0xa7
R 0x6288 0xa8
R 0x6289 0xa9
W 0x5198 0x94
R 0x5188 0x88
R 0x5189 0x85
R 0x518a 0x02
R 0x5198 0x94
R 0x5199 0x99
R 0x519a 0x9a
R 0x6288 0xa8
R 0x6289 0xa9
R 0x628a 0xaa
W 0x5199 0x33
R 0x5189 0x85
R 0x518a 0x02
R 0x518b 0x07
R 0x5199 0x33
R 0x519a 0x9a
R 0x519b 0x9b
R 0x6289 0xa9
R 0x628a 0xaa
R 0x628b 0xab
W 0x519a 0x1a
R 0x518a 0x02
R 0x518b 0x07
R 0x518c 0x84
R 0x519a 0x1a
R 0x519b 0x9b
R 0x519c 0x9c
R 0x628a 0xaa
R 0x628b 0xab
R 0x628c 0xac
W 0x519b 0x31
R 0x518b 0x07
R 0x518c 0x84
R 0x518d 0x81
R 0x519b 0x31
R 0x519c 0x9c
R 0x519d 0x9d
R 0x628b 0xab
R 0x628c 0xac
R 0x628d 0xad
W 0x519c 0x98
R 0x518c 0x84
R 0x518d 0x81
R 0x518e 0x82
R 0x519c 0x98
R 0x519d 0x9d
R 0x519e 0x9e
R 0x628c 0xac
R 0x628d 0xad
R 0x628e 0xae
W 0x519d 0xb3
R 0x518d 0x81
R 0x518e 0x82
R 0x518f 0x8f
R 0x519d 0xb3
R 0x519e 0x9e
R 0x519f 0x9f
R 0x628d 0xad
R 0x628e 0xae
R 0x628f 0xaf
W 0x519e 0x92
R 0x5190 0x90
R 0x5191 0x7b
R 0x5192 0x5a
R 0x6280 0xa0
R 0x6281 0xa1
R 0x6282 0xa2
R 0x6290 0xb0
R 0x6291 0xb1
R 0x6292 0xb2
W 0x6281 0xa1
R 0x5191 0x7b
R 0x5192 0x5a
R 0x5193 0x75
R 0x6281 0xa1
R 0x6282 0xa2
R 0x6283 0xa3
R 0x6291 0xb1
R 0x6292 0xb2
R 0x6293 0xb3
W 0x6282 0x44
R 0x5192 0x5a
R 0x5193 0x75
R 0x5194 0x9c
R 0x6282 0x44
R 0x6283 0xa3
R 0x6284 0xa4
R 0x6292 0xb2
R 0x6293 0xb3
R 0x6294 0xb4
W 0x6283 0x45
R 0x5193 0x75
R 0x5194 0x9c
R 0x5195 0x33
R 0x6283 0x45
R 0x6284 0xa4
R 0x6285 0xa5
R 0x6293 0xb3
R 0x6294 0xb4
R 0x6295 0xb5
W 0x6284 0x2c
R 0x5194 0x9c
R 0x5195 0x33
R 0x5196 0x1a
R 0x6284 0x2c
R 0x6285 0xa5
R 0x6286 0xa6
R 0x6294 0xb4
R 0x6295 0xb5
R 0x6296 0xb6
W 0x6285 0x2d
R 0x5195 0x33
R 0x5196 0x1a
R 0x5197 0x35
R 0x6285 0x2d
R 0x6286 0xa6
R 0x6287 0xa7
R 0x6295 0xb5
R 0x6296 0xb6
R 0x6297 0xb7
W 0x6286 0x84
R 0x5196 0x1a
R 0x5197 0x35
R 0x5198 0x94
R 0x6286 0x84
R 0x6287 0xa7
R 0x6288 0xa8
R 0x6296 0xb6
R 0x6297 0xb7
R 0x6298 0xb8
W 0x6287 0x89
R 0x5197 0x35
R 0x5198 0x94
R 0x5199 0x33
R 0x6287 0x89
R 0x6288 0xa8
R 0x6289 0xa9
R 0x6297 0xb7
R 0x6298 0xb8
R 0x6299 0xb9
W 0x6288 0xac
R 0x5198 0x94
R 0x5199 0x33
R 0x519a 0x1a
R 0x6288 0xac
R 0x6289 0xa9
R 0x628a 0xaa
R 0x6298 0xb8
R 0x6299 0xb9
R 0x629a 0xba
W 0x6289 0xa9
R 0x5199 0x33
R 0x519a 0x1a
R 0x519b 0x31
R 0x6289 0xa9
R 0x628a 0xaa
R 0x628b 0xab
R 0x6299 0xb9
R 0x629a 0xba
R 0x629b 0xbb
W 0x628a 0x08
R 0x519a 0x1a
R 0x519b 0x31
R 0x519c 0x98
R 0x628a 0x08
R 0x628b 0xab
R 0x628c 0xac
R 0x629a 0xba
R 0x629b 0xbb
R 0x629c 0xbc
W 0x628b 0x01
R 0x519b 0x31
R 0x519c 0x98
R 0x519d 0xb3
R 0x628b 0x01
R 0x628c 0xac
R 0x628d 0xad
R 0x629b 0xbb
R 0x629c 0xbc
R 0x629d 0xbd
W 0x628c 0xa0
R 0x519c 0x98
R 0x519d 0xb3
R 0x519e 0x92
R 0x628c 0xa0
R 0x628d 0xad
R 0x628e 0xae
R 0x629c 0xbc
R 0x629d 0xbd
R 0x629e 0xbe
W 0x628d 0xa5
R 0x519d 0xb3
R 0x519e 0x92
R 0x519f 0x9f
R 0x628d 0xa5
R 0x628e 0xae
R 0x628f 0xaf
R 0x629d 0xbd
R 0x629e 0xbe
R 0x629f 0xbf
W 0x628e 0xa6
R 0x6280 0xa0
R 0x6281 0xa1
R 0x6282 0x44
R 0x6290 0xb0
R 0x6291 0xb1
R 0x6292 0xb2
R 0x71c0 0xc0
R 0x71c1 0xc1
R 0x71c2 0xc2
W 0x6291 0x35
R 0x6281 0xa1
R 0x6282 0x44
R 0x6283 0x45
R 0x6291 0x35
R 0x6292 0xb2
R 0x6293 0xb3
R 0x71c1 0xc1
R 0x71c2 0xc2
R 0x71c3 0xc3
W 0x6292 0x54
R 0x6282 0x44
R 0x6283 0x45
R 0x6284 0x2c
R 0x6292 0x54
R 0x6293 0xb3
R 0x6294 0xb4
R 0x71c2 0xc2
R 0x71c3 0xc3
R 0x71c4 0xc4
W 0x6293 0xbb
R 0x6283 0x45
R 0x6284 0x2c
R 0x6285 0x2d
R 0x6293 0xbb
R 0x6294 0xb4
R 0x6295 0xb5
R 0x71c3 0xc3
R 0x71c4 0xc4
R 0x71c5 0xc5
W 0x6294 0x3c
R 0x6284 0x2c
R 0x6285 0x2d
R 0x6286 0x84
R 0x6294 0x3c
R 0x6295 0xb5
R 0x6296 0xb6
R 0x71c4 0xc4
R 0x71c5 0xc5
R 0x71c6 0xc6
W 0x6295 0x7d
R 0x6285 0x2d
R 0x6286 0x84
R 0x6287 0x89
R 0x6295 0x7d
R 0x6296 0xb6
R 0x6297 0xb7
R 0x71c5 0xc5
R 0x71c6 0xc6
R 0x71c7 0xc7
W 0x6296 0x98
R 0x6286 0x84
R 0x6287 0x89
R 0x6288 0xac
R 0x6296 0x98
R 0x6297 0xb7
R 0x6298 0xb8
R 0x71c6 0xc6
R 0x71c7 0xc7
R 0x71c8 0xc8
W 0x6297 0xff
R 0x6287 0x89
R 0x6288 0xac
R 0x6289 0xa9
R 0x6297 0xff
R 0x6298 0xb8
R 0x6299 0xb9
R 0x71c7 0xc7
R 0x71c8 0xc8
R 0x71c9 0xc9
W 0x6298 0xb4
R 0x6288 0xac
R 0x6289 0xa9
R 0x628a 0x08
R 0x6298 0xb4
R 0x6299 0xb9
R 0x629a 0xba
R 0x71c8 0xc8
R 0x71c9 0xc9
R 0x71ca 0xca
W 0x6299 0x71
R 0x6289 0xa9
R 0x628a 0x08
R 0x628b 0x01
R 0x6299 0x71
R 0x629a 0xba
R 0x629b 0xbb
R 0x71c9 0xc9
R 0x71ca 0xca
R 0x71cb 0xcb
W 0x629a 0x18
R 0x628a 0x08
R 0x628b 0x01
R 0x628c 0xa0
R 0x629a 0x18
R 0x629b 0xbb
R 0x629c 0xbc
R 0x71ca 0xca
R 0x71cb 0xcb
R 0x71cc 0xcc
W 0x629b 0x7b
R 0x628b 0x01
R 0x628c 0xa0
R 0x628d 0xa5
R 0x629b 0x7b
R 0x629c 0xbc
R 0x629d 0xbd
R 0x71cb 0xcb
R 0x71cc 0xcc
R 0x71cd 0xcd
W 0x629c 0xb4
R 0x628c 0xa0
R 0x628d 0xa5
R 0x628e 0xa6
R 0x629c 0xb4
R 0x629d 0xbd
R 0x629e 0xbe
R 0x71cc 0xcc
R 0x71cd 0xcd
R 0x71ce 0xce
W 0x629d 0xdb
R 0x628d 0xa5
R 0x628e 0xa6
R 0x628f 0xaf
R 0x629d 0xdb
R 0x629e 0xbe
R 0x629f 0xbf
R 0x71cd 0xcd
R 0x71ce 0xce
R 0x71cf 0xcf
W 0x629e 0xba
R 0x6290 0xb0
R 0x6291 0x35
R 0x6292 0x54
R 0x71c0 0xc0
R 0x71c1 0xc1
R 0x71c2 0xc2
R 0x71d0 0xd0
R 0x71d1 0xd1
R 0x71d2 0xd2
W 0x71c1 0xc1
R 0x6291 0x35
R 0x6292 0x54
R 0x6293 0xbb
R 0x71c1 0xc1
R 0x71c2 0xc2
R 0x71c3 0xc3
R 0x71d1 0xd1
R 0x71d2 0xd2
R 0x71d3 0xd3
W 0x71c2 0xca
R 0x6292 0x54
R 0x6293 0xbb
R 0x6294 0x3c
R 0x71c2 0xca
R 0x71c3 0xc3
R 0x71c4 0xc4
R 0x71d2 0xd2
R 0x71d3 0xd3
R 0x71d4 0xd4
W 0x71c3 0xcb
R 0x6293 0xbb
R 0x6294 0x3c
R 0x6295 0x7d
R 0x71c3 0xcb
R 0x71c4 0xc4
R 0x71c5 0xc5
R 0x71d3 0xd3
R 0x71d4 0xd4
R 0x71d5 0xd5
W 0x71c4 0xe2
R 0x6294 0x3c
R 0x6295 0x7d
R 0x6296 0x98
R 0x71c4 0xe2
R 0x71c5 0xc5
R 0x71c6 0xc6
R 0x71d4 0xd4
R 0x71d5 0xd5
R 0x71d6 0xd6
W 0x71c5 0xef
R 0x6295 0x7d
R 0x6296 0x98
R 0x6297 0xff
R 0x71c5 0xef
R 0x71c6 0xc6
R 0x71c7 0xc7
R 0x71d5 0xd5
R 0x71d6 0xd6
R 0x71d7 0xd7
W 0x71c6 0x20
R 0x6296 0x98
R 0x6297 0xff
R 0x6298 0xb4
R 0x71c6 0x20
R 0x71c7 0xc7
R 0x71c8 0xc8
R 0x71d6 0xd6
R 0x71d7 0xd7
R 0x71d8 0xd8
W 0x71c7 0x25
R 0x6297 0xff
R 0x6298 0xb4
R 0x6299 0x71
R 0x71c7 0x25
R 0x71c8 0xc8
R 0x71c9 0xc9
R 0x71d7 0xd7
R 0x71d8 0xd8
R 0x71d9 0xd9
W 0x71c8 0xc8
R 0x6298 0xb4
R 0x6299 0x71
R 0x629a 0x18
R 0x71c8 0xc8
R 0x71c9 0xc9
R 0x71ca 0xca
R 0x71d8 0xd8
R 0x71d9 0xd9
R 0x71da 0xda
W 0x71c9 0xcd
R 0x6299 0x71
R 0x629a 0x18
R 0x629b 0x7b
R 0x71c9 0xcd
R 0x71ca 0xca
R 0x71cb 0xcb
R 0x71d9 0xd9
R 0x71da 0xda
R 0x71db 0xdb
W 0x71ca 0x06
R 0x629a 0x18
R 0x629b 0x7b
R 0x629c 0xb4
R 0x71ca 0x06
R 0x71cb 0xcb
R 0x71cc 0xcc
R 0x71da 0xda
R 0x71db 0xdb
R 0x71dc 0xdc
W 0x71cb 0x0b
R 0x629b 0x7b
R 0x629c 0xb4
R 0x629d 0xdb
R 0x71cb 0x0b
R 0x71cc 0xcc
R 0x71cd 0xcd
R 0x71db 0xdb
R 0x71dc 0xdc
R 0x71dd 0xdd
W 0x71cc 0xc4
R 0x629c 0xb4
R 0x629d 0xdb
R 0x629e 0xba
R 0x71cc 0xc4
R 0x71cd 0xcd
R 0x71ce 0xce
R 0x71dc 0xdc
R 0x71dd 0xdd
R 0x71de 0xde
W 0x71cd 0xcd
R 0x629d 0xdb
R 0x629e 0xba
R 0x629f 0xbf
R 0x71cd 0xcd
R 0x71ce 0xce
R 0x71cf 0xcf
R 0x71dd 0xdd
R 0x71de 0xde
R 0x71df 0xdf
W 0x71ce 0xce
R 0x71c0 0xc0
R 0x71c1 0xc1
R 0x71c2 0xca
R 0x71d0 0xd0
R 0x71d1 0xd1
R 0x71d2 0xd2
R 0x82c0 0xe0
R 0x82c1 0xe1
R 0x82c2 0xe2
W 0x71d1 0xfb
R 0x71c1 0xc1
R 0x71c2 0xca
R 0x71c3 0xcb
R 0x71d1 0xfb
R 0x71d2 0xd2
R 0x71d3 0xd3
R 0x82c1 0xe1
R 0x82c2 0xe2
R 0x82c3 0xe3
W 0x71d2 0xda
R 0x71c2 0xca
R 0x71c3 0xcb
R 0x71c4 0xe2
R 0x71d2 0xda
R 0x71d3 0xd3
R 0x71d4 0xd4
R 0x82c2 0xe2
R 0x82c3 0xe3
R 0x82c4 0xe4
W 0x71d3 0xdb
R 0x71c3 0xcb
R 0x71c4 0xe2
R 0x71c5 0xef
R 0x71d3 0xdb
R 0x71d4 0xd4
R 0x71d5 0xd5
R 0x82c3 0xe3
R 0x82c4 0xe4
R 0x82c5 0xe5
W 0x71d4 0xfe
R 0x71c4 0xe2
R 0x71c5 0xef
R 0x71c6 0x20
R 0x71d4 0xfe
R 0x71d5 0xd5
R 0x71d6 0xd6
R 0x82c4 0xe4
R 0x82c5 0xe5
R 0x82c6 0xe6
W 0x71d5 0x37
R 0x71c5 0xef
R 0x71c6 0x20
R 0x71c7 0x25
R 0x71d5 0x37
R 0x71d6 0xd6
R 0x71d7 0xd7
R 0x82c5 0xe5
R 0x82c6 0xe6
R 0x82c7 0xe7
W 0x71d6 0x38
R 0x71c6 0x20
R 0x71c7 0x25
R 0x71c8 0xc8
R 0x71d6 0x38
R 0x71d7 0xd7
R 0x71d8 0xd8
R 0x82c6 0xe6
R 0x82c7 0xe7
R 0x82c8 0xe8
W 0x71d7 0x13
R 0x71c7 0x25
R 0x71c8 0xc8
R 0x71c9 0xcd
R 0x71d7 0x13
R 0x71d8 0xd8
R 0x71d9 0xd9
R 0x82c7 0xe7
R 0x82c8 0xe8
R 0x82c9 0xe9
W 0x71d8 0xd4
R 0x71c8 0xc8
R 0x71c9 0xcd
R 0x71ca 0x06
R 0x71d8 0xd4
R 0x71d9 0xd9
R 0x71da 0xda
R 0x82c8 0xe8
R 0x82c9 0xe9
R 0x82ca 0xea
W 0x71d9 0x3f
R 0x71c9 0xcd
R 0x71ca 0x06
R 0x71cb 0x0b
R 0x71d9 0x3f
R 0x71da 0xda
R 0x71db 0xdb
R 0x82c9 0xe9
R 0x82ca 0xea
R 0x82cb 0xeb
W 0x71da 0x16
R 0x71ca 0x06
R 0x71cb 0x0b
R 0x71cc 0xc4
R 0x71da 0x16
R 0x71db 0xdb
R 0x71dc 0xdc
R 0x82ca 0xea
R 0x82cb 0xeb
R 0x82cc 0xec
W 0x71db 0x35
R 0x71cb 0x0b
R 0x71cc 0xc4
R 0x71cd 0xcd
R 0x71db 0x35
R 0x71dc 0xdc
R 0x71dd 0xdd
R 0x82cb 0xeb
R 0x82cc 0xec
R 0x82cd 0xed
W 0x71dc 0xdc
R 0x71cc 0xc4
R 0x71cd 0xcd
R 0x71ce 0xce
R 0x71dc 0xdc
R 0x71dd 0xdd
R 0x71de 0xde
R 0x82cc 0xec
R 0x82cd 0xed
R 0x82ce 0xee
W 0x71dd 0xf7
R 0x71cd 0xcd
R 0x71ce 0xce
R 0x71cf 0xcf
R 0x71dd 0xf7
R 0x71de 0xde
R 0x71df 0xdf
R 0x82cd 0xed
R 0x82ce 0xee
R 0x82cf 0xef
W 0x71de 0xd6
R 0x71d0 0xd0
R 0x71d1 0xfb
R 0x71d2 0xda
R 0x82c0 0xe0
R 0x82c1 0xe1
R 0x82c2 0xe2
R 0x82d0 0xf0
R 0x82d1 0xf1
R 0x82d2 0xf2
W 0x82c1 0xe1
R 0x71d1 0xfb
R 0x71d2 0xda
R 0x71d3 0xdb
R 0x82c1 0xe1
R 0x82c2 0xe2
R 0x82c3 0xe3
R 0x82d1 0xf1
R 0x82d2 0xf2
R 0x82d3 0xf3
W 0x82c2 0xea
R 0x71d2 0xda
R 0x71d3 0xdb
R 0x71d4 0xfe
R 0x82c2 0xea
R 0x82c3 0xe3
R 0x82c4 0xe4
R 0x82d2 0xf2
R 0x82d3 0xf3
R 0x82d4 0xf4
W 0x82c3 0xe7
R 0x71d3 0xdb
R 0x71d4 0xfe
R 0x71d5 0x37
R 0x82c3 0xe7
R 0x82c4 0xe4
R 0x82c5 0xe5
R 0x82d3 0xf3
R 0x82d4 0xf4
R 0x82d5 0xf5
W 0x82c4 0x06
R 0x71d4 0xfe
R 0x71d5 0x37
R 0x71d6 0x38
R 0x82c4 0x06
R 0x82c5 0xe5
R 0x82c6 0xe6
R 0x82d4 0xf4
R 0x82d5 0xf5
R 0x82d6 0xf6
W 0x82c5 0x03
R 0x71d5 0x37
R 0x71d6 0x38
R 0x71d7 0x13
R 0x82c5 0x03
R 0x82c6 0xe6
R 0x82c7 0xe7
R 0x82d5 0xf5
R 0x82d6 0xf6
R 0x82d7 0xf7
W 0x82c6 0xea
R 0x71d6 0x38
R 0x71d7 0x13
R 0x71d8 0xd4
R 0x82c6 0xea
R 0x82c7 0xe7
R 0x82c8 0xe8
R 0x82d6 0xf6
R 0x82d7 0xf7
R 0x82d8 0xf8
W 0x82c7 0xe3
R 0x71d7 0x13
R 0x71d8 0xd4
R 0x71d9 0x3f
R 0x82c7 0xe3
R 0x82c8 0xe8
R 0x82c9 0xe9
R 0x82d7 0xf7
R 0x82d8 0xf8
R 0x82d9 0xf9
W 0x82c8 0xec
R 0x71d8 0xd4
R 0x71d9 0x3f
R 0x71da 0x16
R 0x82c8 0xec
R 0x82c9 0xe9
R 0x82ca 0xea
R 0x82d8 0xf8
R 0x82d9 0xf9
R 0x82da 0xfa
W 0x82c9 0xe9
R 0x71d9 0x3f
R 0x71da 0x16
R 0x71db 0x35
R 0x82c9 0xe9
R 0x82ca 0xea
R 0x82cb 0xeb
R 0x82d9 0xf9
R 0x82da 0xfa
R 0x82db 0xfb
W 0x82ca 0x0c
R 0x71da 0x16
R 0x71db 0x35
R 0x71dc 0xdc
R 0x82ca 0x0c
R 0x82cb 0xeb
R 0x82cc 0xec
R 0x82da 0xfa
R 0x82db 0xfb
R 0x82dc 0xfc
W 0x82cb 0x09
R 0x71db 0x35
R 0x71dc 0xdc
R 0x71dd 0xf7
R 0x82cb 0x09
R 0x82cc 0xec
R 0x82cd 0xed
R 0x82db 0xfb
R 0x82dc 0xfc
R 0x82dd 0xfd
W 0x82cc 0xec
R 0x71dc 0xdc
R 0x71dd 0xf7
R 0x71de 0xd6
R 0x82cc 0xec
R 0x82cd 0xed
R 0x82ce 0xee
R 0x82dc 0xfc
R 0x82dd 0xfd
R 0x82de 0xfe
W 0x82cd 0xed
R 0x71dd 0xf7
R 0x71de 0xd6
R 0x71df 0xdf
R 0x82cd 0xed
R 0x82ce 0xee
R 0x82cf 0xef
R 0x82dd 0xfd
R 0x82de 0xfe
R 0x82df 0xff
W 0x82ce 0xee
R 0x1160 0x00
R 0x1161 0x01
R 0x1162 0x02
R 0x1163 0x03
R 0x1164 0x04
R 0x1165 0x05
R 0x1166 0x06
R 0x1167 0x07
R 0x1168 0x08
R 0x1169 0x09
R 0x116a 0x0a
R 0x116b 0x0b
R 0x116c 0x0c
R 0x116d 0x0d
R 0x116e 0x0e
R 0x116f 0x0f
R 0x1170 0x10
R 0x1171 0x33
R 0x1172 0x12
R 0x1173 0x35
R 0x1174 0x14
R 0x1175 0x37
R 0x1176 0x16
R 0x1177 0x39
R 0x1178 0x18
R 0x1179 0x3b
R 0x117a 0x1a
R 0x117b 0x3d
R 0x117c 0x1c
R 0x117d 0x3f
R 0x117e 0x1e
R 0x117f 0x1f
R 0x2160 0x20
R 0x2161 0x21
R 0x2162 0x04
R 0x2163 0x05
R 0x2164 0x20
R 0x2165 0x21
R 0x2166 0x0c
R 0x2167 0x0d
R 0x2168 0x20
R 0x2169 0x21
R 0x216a 0x04
R 0x216b 0x05
R 0x216c 0x20
R 0x216d 0x21
R 0x216e 0x22
R 0x216f 0x2f
R 0x2170 0x30
R 0x2171 0x75
R 0x2172 0x14
R 0x2173 0x77
R 0x2174 0x30
R 0x2175 0x79
R 0x2176 0x1c
R 0x2177 0x7b
R 0x2178 0x30
R 0x2179 0x7d
R 0x217a 0x14
R 0x217b 0x7f
R 0x217c 0x30
R 0x217d 0x5f
R 0x217e 0x3e
R 0x217f 0x3f
R 0x3160 0x40
R 0x3161 0x41
R 0x3162 0x06
R 0x3163 0x07
R 0x3164 0x6a
R 0x3165 0x6b
R 0x3166 0x20
R 0x3167 0x21
R 0x3168 0x40
R 0x3169 0x41
R 0x316a 0x0e
R 0x316b 0x0f
R 0x316c 0x44
R 0x316d 0x49
R 0x316e 0x4a
R 0x316f 0x4f
R 0x3170 0x50
R 0x3171 0x37
R 0x3172 0x16
R 0x3173 0x1f
R 0x3174 0x7a
R 0x3175 0x3f
R 0x3176 0x30
R 0x3177 0x17
R 0x3178 0x50
R 0x3179 0x37
R 0x317a 0x1e
R 0x317b 0x31
R 0x317c 0x58
R 0x317d 0x73
R 0x317e 0x52
R 0x317f 0x5f
R 0x4160 0x60
R 0x4161 0x61
R 0x4162 0x2e
R 0x4163 0x2f
R 0x4164 0x06
R 0x4165 0x07
R 0x4166 0x6a
R 0x4167 0x6b
R 0x4168 0x6c
R 0x4169 0x6d
R 0x416a 0x0c
R 0x416b 0x01
R 0x416c 0x60
R 0x416d 0x65
R 0x416e 0x66
R 0x416f 0x6f
R 0x4170 0x70
R 0x4171 0xdf
R 0x4172 0x3e
R 0x4173 0xbb
R 0x4174 0x16
R 0x4175 0xf9
R 0x4176 0x7a
R 0x4177 0x91
R 0x4178 0x7c
R 0x4179 0xf9
R 0x417a 0x10
R 0x417b 0xf7
R 0x417c 0x78
R 0x417d 0x97
R 0x417e 0x76
R 0x417f 0x7f
R 0x5180 0x80
R 0x5181 0x81
R 0x5182 0x4a
R 0x5183 0x4b
R 0x5184 0x8c
R 0x5185 0x8d
R 0x5186 0x0a
R 0x5187 0x0b
R 0x5188 0x88
R 0x5189 0x85
R 0x518a 0x02
R 0x518b 0x07
R 0x518c 0x84
R 0x518d 0x81
R 0x518e 0x82
R 0x518f 0x8f
R 0x5190 0x90
R 0x5191 0x7b
R 0x5192 0x5a
R 0x5193 0x75
R 0x5194 0x9c
R 0x5195 0x33
R 0x5196 0x1a
R 0x5197 0x35
R 0x5198 0x94
R 0x5199 0x33
R 0x519a 0x1a
R 0x519b 0x31
R 0x519c 0x98
R 0x519d 0xb3
R 0x519e 0x92
R 0x519f 0x9f
R 0x6280 0xa0
R 0x6281 0xa1
R 0x6282 0x44
R 0x6283 0x45
R 0x6284 0x2c
R 0x6285 0x2d
R 0x6286 0x84
R 0x6287 0x89
R 0x6288 0xac
R 0x6289 0xa9
R 0x628a 0x08
R 0x628b 0x01
R 0x628c 0xa0
R 0x628d 0xa5
R 0x628e 0xa6
R 0x628f 0xaf
R 0x6290 0xb0
R 0x6291 0x35
R 0x6292 0x54
R 0x6293 0xbb
R 0x6294 0x3c
R 0x6295 0x7d
R 0x6296 0x98
R 0x6297 0xff
R 0x6298 0xb4
R 0x6299 0x71
R 0x629a 0x18
R 0x629b 0x7b
R 0x629c 0xb4
R 0x629d 0xdb
R 0x629e 0xba
R 0x629f 0xbf
R 0x71c0 0xc0
R 0x71c1 0xc1
R 0x71c2 0xca
R 0x71c3 0xcb
R 0x71c4 0xe2
R 0x71c5 0xef
R 0x71c6 0x20
R 0x71c7 0x25
R 0x71c8 0xc8
R 0x71c9 0xcd
R 0x71ca 0x06
R 0x71cb 0x0b
R 0x71cc 0xc4
R 0x71cd 0xcd
R 0x71ce 0xce
R 0x71cf 0xcf
R 0x71d0 0xd0
R 0x71d1 0xfb
R 0x71d2 0xda
R 0x71d3 0xdb
R 0x71d4 0xfe
R 0x71d5 0x37
R 0x71d6 0x38
R 0x71d7 0x13
R 0x71d8 0xd4
R 0x71d9 0x3f
R 0x71da 0x16
R 0x71db 0x35
R 0x71dc 0xdc
R 0x71dd 0xf7
R 0x71de 0xd6
R 0x71df 0xdf
R 0x82c0 0xe0
R 0x82c1 0xe1
R 0x82c2 0xea
R 0x82c3 0xe7
R 0x82c4 0x06
R 0x82c5 0x03
R 0x82c6 0xea
R 0x82c7 0xe3
R 0x82c8 0xec
R 0x82c9 0xe9
R 0x82ca 0x0c
R 0x82cb 0x09
R 0x82cc 0xec
R 0x82cd 0xed
R 0x82ce 0xee
R 0x82cf 0xef
R 0x82d0 0xf0
R 0x82d1 0xf1
R 0x82d2 0xf2
R 0x82d3 0xf3
R 0x82d4 0xf4
R 0x82d5 0xf5
R 0x82d6 0xf6
R 0x82d7 0xf7
R 0x82d8 0xf8
R 0x82d9 0xf9
R 0x82da 0xfa
R 0x82db 0xfb
R 0x82dc 0xfc
R 0x82dd 0xfd
R 0x82de 0xfe
R 0x82df 0xff
